mode: atomic
github.com/mojocn/base64Captcha/fonts.go:13.57,17.43 3 1
github.com/mojocn/base64Captcha/fonts.go:20.2,20.14 1 1
github.com/mojocn/base64Captcha/fonts.go:17.43,19.3 1 9
github.com/mojocn/base64Captcha/fonts.go:22.96,28.2 4 9
github.com/mojocn/base64Captcha/fonts.go:31.38,35.2 3 143
github.com/mojocn/base64Captcha/captcha.go:53.64,56.31 3 2
github.com/mojocn/base64Captcha/captcha.go:61.2,61.98 1 2
github.com/mojocn/base64Captcha/captcha.go:56.31,58.3 1 1
github.com/mojocn/base64Captcha/captcha.go:58.3,60.3 1 1
github.com/mojocn/base64Captcha/captcha.go:66.90,69.16 3 62
github.com/mojocn/base64Captcha/captcha.go:73.2,75.12 3 62
github.com/mojocn/base64Captcha/captcha.go:69.16,72.3 2 0
github.com/mojocn/base64Captcha/captcha.go:92.57,93.23 1 3
github.com/mojocn/base64Captcha/captcha.go:96.2,97.22 2 2
github.com/mojocn/base64Captcha/captcha.go:100.2,101.12 2 1
github.com/mojocn/base64Captcha/captcha.go:104.2,104.15 1 1
github.com/mojocn/base64Captcha/captcha.go:93.23,95.3 1 1
github.com/mojocn/base64Captcha/captcha.go:97.22,99.3 1 1
github.com/mojocn/base64Captcha/captcha.go:101.12,103.3 1 1
github.com/mojocn/base64Captcha/captcha.go:157.109,158.17 1 22
github.com/mojocn/base64Captcha/captcha.go:161.2,163.40 3 22
github.com/mojocn/base64Captcha/captcha.go:183.2,185.31 2 22
github.com/mojocn/base64Captcha/captcha.go:158.17,160.3 1 22
github.com/mojocn/base64Captcha/captcha.go:164.19,167.26 3 2
github.com/mojocn/base64Captcha/captcha.go:169.23,172.25 3 16
github.com/mojocn/base64Captcha/captcha.go:174.19,177.24 3 3
github.com/mojocn/base64Captcha/captcha.go:179.10,180.51 1 1
github.com/mojocn/base64Captcha/engineAudio.go:27.13,29.2 1 1
github.com/mojocn/base64Captcha/engineAudio.go:40.62,45.2 4 12
github.com/mojocn/base64Captcha/engineAudio.go:52.61,58.41 3 12
github.com/mojocn/base64Captcha/engineAudio.go:63.2,64.27 2 12
github.com/mojocn/base64Captcha/engineAudio.go:69.2,71.27 3 12
github.com/mojocn/base64Captcha/engineAudio.go:77.2,90.27 11 12
github.com/mojocn/base64Captcha/engineAudio.go:94.2,97.10 3 12
github.com/mojocn/base64Captcha/engineAudio.go:58.41,60.3 1 12
github.com/mojocn/base64Captcha/engineAudio.go:60.3,62.3 1 0
github.com/mojocn/base64Captcha/engineAudio.go:64.27,67.3 2 72
github.com/mojocn/base64Captcha/engineAudio.go:71.27,75.3 3 84
github.com/mojocn/base64Captcha/engineAudio.go:90.27,93.3 2 72
github.com/mojocn/base64Captcha/engineAudio.go:101.34,103.2 1 0
github.com/mojocn/base64Captcha/engineAudio.go:105.56,107.46 2 12
github.com/mojocn/base64Captcha/engineAudio.go:114.2,114.10 1 12
github.com/mojocn/base64Captcha/engineAudio.go:107.46,113.3 5 2082
github.com/mojocn/base64Captcha/engineAudio.go:117.53,121.2 3 72
github.com/mojocn/base64Captcha/engineAudio.go:123.42,125.34 2 12
github.com/mojocn/base64Captcha/engineAudio.go:130.2,130.10 1 12
github.com/mojocn/base64Captcha/engineAudio.go:125.34,126.17 1 120
github.com/mojocn/base64Captcha/engineAudio.go:126.17,128.4 1 36
github.com/mojocn/base64Captcha/engineAudio.go:133.46,136.2 2 72
github.com/mojocn/base64Captcha/engineAudio.go:138.64,141.26 3 12
github.com/mojocn/base64Captcha/engineAudio.go:146.2,146.14 1 12
github.com/mojocn/base64Captcha/engineAudio.go:141.26,145.3 3 1670522
github.com/mojocn/base64Captcha/engineAudio.go:151.32,152.24 1 2154
github.com/mojocn/base64Captcha/engineAudio.go:152.24,155.27 3 6963857
github.com/mojocn/base64Captcha/engineAudio.go:155.27,157.4 1 2067829
github.com/mojocn/base64Captcha/engineAudio.go:157.4,159.4 1 4896028
github.com/mojocn/base64Captcha/engineAudio.go:163.45,164.22 1 2154
github.com/mojocn/base64Captcha/engineAudio.go:164.22,166.10 2 6963857
github.com/mojocn/base64Captcha/engineAudio.go:178.3,178.18 1 6339862
github.com/mojocn/base64Captcha/engineAudio.go:167.17,168.43 1 2479712
github.com/mojocn/base64Captcha/engineAudio.go:171.17,172.43 1 3860150
github.com/mojocn/base64Captcha/engineAudio.go:175.11,176.12 1 623995
github.com/mojocn/base64Captcha/engineAudio.go:168.43,170.5 1 0
github.com/mojocn/base64Captcha/engineAudio.go:172.43,174.5 1 0
github.com/mojocn/base64Captcha/engineAudio.go:184.50,187.22 3 2155
github.com/mojocn/base64Captcha/engineAudio.go:193.2,193.10 1 2155
github.com/mojocn/base64Captcha/engineAudio.go:187.22,188.42 1 6330196
github.com/mojocn/base64Captcha/engineAudio.go:191.3,191.13 1 6330196
github.com/mojocn/base64Captcha/engineAudio.go:188.42,190.4 1 6965111
github.com/mojocn/base64Captcha/engineAudio.go:196.37,198.19 2 12
github.com/mojocn/base64Captcha/engineAudio.go:201.2,201.10 1 12
github.com/mojocn/base64Captcha/engineAudio.go:198.19,200.3 1 19200
github.com/mojocn/base64Captcha/engineAudio.go:204.37,207.22 3 2082
github.com/mojocn/base64Captcha/engineAudio.go:210.2,210.10 1 2082
github.com/mojocn/base64Captcha/engineAudio.go:207.22,209.3 1 6117251
github.com/mojocn/base64Captcha/engineAudio.go:215.59,219.20 3 14
github.com/mojocn/base64Captcha/engineAudio.go:222.2,233.16 8 14
github.com/mojocn/base64Captcha/engineAudio.go:237.2,239.16 3 14
github.com/mojocn/base64Captcha/engineAudio.go:244.2,244.30 1 14
github.com/mojocn/base64Captcha/engineAudio.go:248.2,248.8 1 14
github.com/mojocn/base64Captcha/engineAudio.go:219.20,221.3 1 8
github.com/mojocn/base64Captcha/engineAudio.go:233.16,235.3 1 0
github.com/mojocn/base64Captcha/engineAudio.go:239.16,241.3 1 0
github.com/mojocn/base64Captcha/engineAudio.go:244.30,247.3 2 8
github.com/mojocn/base64Captcha/engineAudio.go:253.42,255.43 2 1
github.com/mojocn/base64Captcha/engineAudio.go:258.2,258.20 1 1
github.com/mojocn/base64Captcha/engineAudio.go:255.43,256.21 1 0
github.com/mojocn/base64Captcha/engineImageDigit.go:56.75,71.34 10 17
github.com/mojocn/base64Captcha/engineImageDigit.go:76.2,79.27 3 17
github.com/mojocn/base64Captcha/engineImageDigit.go:84.2,89.10 4 17
github.com/mojocn/base64Captcha/engineImageDigit.go:71.34,73.3 1 17
github.com/mojocn/base64Captcha/engineImageDigit.go:73.3,75.3 1 0
github.com/mojocn/base64Captcha/engineImageDigit.go:79.27,82.3 2 85
github.com/mojocn/base64Captcha/engineImageDigit.go:92.62,105.33 5 17
github.com/mojocn/base64Captcha/engineImageDigit.go:108.2,108.10 1 17
github.com/mojocn/base64Captcha/engineImageDigit.go:105.33,107.3 1 323
github.com/mojocn/base64Captcha/engineImageDigit.go:111.71,114.20 2 17
github.com/mojocn/base64Captcha/engineImageDigit.go:120.2,132.12 8 17
github.com/mojocn/base64Captcha/engineImageDigit.go:138.2,139.19 2 17
github.com/mojocn/base64Captcha/engineImageDigit.go:144.2,145.25 2 17
github.com/mojocn/base64Captcha/engineImageDigit.go:114.20,116.3 1 17
github.com/mojocn/base64Captcha/engineImageDigit.go:116.3,118.3 1 0
github.com/mojocn/base64Captcha/engineImageDigit.go:132.12,136.3 2 17
github.com/mojocn/base64Captcha/engineImageDigit.go:139.19,141.3 1 0
github.com/mojocn/base64Captcha/engineImageDigit.go:148.78,149.32 1 54210
github.com/mojocn/base64Captcha/engineImageDigit.go:149.32,151.3 1 115306
github.com/mojocn/base64Captcha/engineImageDigit.go:154.74,165.14 9 15122
github.com/mojocn/base64Captcha/engineImageDigit.go:165.14,166.13 1 9772
github.com/mojocn/base64Captcha/engineImageDigit.go:171.3,177.46 7 9772
github.com/mojocn/base64Captcha/engineImageDigit.go:166.13,170.4 3 9618
github.com/mojocn/base64Captcha/engineImageDigit.go:181.63,184.25 3 17
github.com/mojocn/base64Captcha/engineImageDigit.go:184.25,188.3 3 340
github.com/mojocn/base64Captcha/engineImageDigit.go:191.45,198.28 7 17
github.com/mojocn/base64Captcha/engineImageDigit.go:198.28,201.37 3 4080
github.com/mojocn/base64Captcha/engineImageDigit.go:201.37,204.4 2 8160
github.com/mojocn/base64Captcha/engineImageDigit.go:209.63,214.42 5 85
github.com/mojocn/base64Captcha/engineImageDigit.go:214.42,215.42 1 1530
github.com/mojocn/base64Captcha/engineImageDigit.go:221.3,222.14 2 1530
github.com/mojocn/base64Captcha/engineImageDigit.go:215.42,216.57 1 16830
github.com/mojocn/base64Captcha/engineImageDigit.go:219.4,219.54 1 6622
github.com/mojocn/base64Captcha/engineImageDigit.go:216.57,217.13 1 10208
github.com/mojocn/base64Captcha/engineImageDigit.go:226.70,234.25 6 17
github.com/mojocn/base64Captcha/engineImageDigit.go:241.2,241.19 1 17
github.com/mojocn/base64Captcha/engineImageDigit.go:234.25,235.26 1 4080
github.com/mojocn/base64Captcha/engineImageDigit.go:235.26,239.4 3 326400
github.com/mojocn/base64Captcha/engineImageDigit.go:244.82,247.16 3 323
github.com/mojocn/base64Captcha/engineImageDigit.go:250.2,256.3 2 323
github.com/mojocn/base64Captcha/engineImageDigit.go:247.16,249.3 1 0
github.com/mojocn/base64Captcha/engineImageDigit.go:259.36,261.11 2 323
github.com/mojocn/base64Captcha/engineImageDigit.go:264.2,264.11 1 323
github.com/mojocn/base64Captcha/engineImageDigit.go:267.2,267.8 1 323
github.com/mojocn/base64Captcha/engineImageDigit.go:261.11,263.3 1 171
github.com/mojocn/base64Captcha/engineImageDigit.go:264.11,266.3 1 76
github.com/mojocn/base64Captcha/engineImageDigit.go:270.36,272.11 2 323
github.com/mojocn/base64Captcha/engineImageDigit.go:275.2,275.11 1 323
github.com/mojocn/base64Captcha/engineImageDigit.go:278.2,278.8 1 323
github.com/mojocn/base64Captcha/engineImageDigit.go:272.11,274.3 1 152
github.com/mojocn/base64Captcha/engineImageDigit.go:275.11,277.3 1 76
github.com/mojocn/base64Captcha/engineImageDigit.go:283.54,285.53 2 18
github.com/mojocn/base64Captcha/engineImageDigit.go:288.2,288.20 1 18
github.com/mojocn/base64Captcha/engineImageDigit.go:285.53,286.21 1 0
github.com/mojocn/base64Captcha/engineImageDigit.go:292.65,295.2 2 17
github.com/mojocn/base64Captcha/randomCrypto.go:35.13,36.63 1 1
github.com/mojocn/base64Captcha/randomCrypto.go:36.63,37.64 1 0
github.com/mojocn/base64Captcha/randomCrypto.go:54.72,64.2 9 29
github.com/mojocn/base64Captcha/randomCrypto.go:69.38,71.2 1 59
github.com/mojocn/base64Captcha/randomCrypto.go:74.41,76.55 2 115
github.com/mojocn/base64Captcha/randomCrypto.go:79.2,79.8 1 115
github.com/mojocn/base64Captcha/randomCrypto.go:76.55,77.64 1 0
github.com/mojocn/base64Captcha/randomCrypto.go:84.54,85.17 1 115
github.com/mojocn/base64Captcha/randomCrypto.go:88.2,88.14 1 115
github.com/mojocn/base64Captcha/randomCrypto.go:91.2,94.6 4 115
github.com/mojocn/base64Captcha/randomCrypto.go:85.17,87.3 1 0
github.com/mojocn/base64Captcha/randomCrypto.go:88.14,89.56 1 0
github.com/mojocn/base64Captcha/randomCrypto.go:94.6,96.23 2 115
github.com/mojocn/base64Captcha/randomCrypto.go:96.23,97.17 1 1486
github.com/mojocn/base64Captcha/randomCrypto.go:101.4,103.19 3 1427
github.com/mojocn/base64Captcha/randomCrypto.go:97.17,99.13 1 59
github.com/mojocn/base64Captcha/randomCrypto.go:103.19,105.5 1 115
github.com/mojocn/base64Captcha/randomCrypto.go:112.24,114.22 2 56
github.com/mojocn/base64Captcha/randomCrypto.go:117.2,117.18 1 56
github.com/mojocn/base64Captcha/randomCrypto.go:114.22,116.3 1 1120
github.com/mojocn/base64Captcha/randomCrypto.go:121.47,123.29 2 39
github.com/mojocn/base64Captcha/randomCrypto.go:126.2,126.21 1 39
github.com/mojocn/base64Captcha/randomCrypto.go:123.29,125.3 1 207
github.com/mojocn/base64Captcha/randomMath.go:11.51,14.27 3 83
github.com/mojocn/base64Captcha/randomMath.go:17.2,17.13 1 83
github.com/mojocn/base64Captcha/randomMath.go:14.27,16.3 1 230
github.com/mojocn/base64Captcha/randomMath.go:22.49,25.35 3 108
github.com/mojocn/base64Captcha/randomMath.go:47.2,48.8 2 108
github.com/mojocn/base64Captcha/randomMath.go:26.11,30.21 4 40
github.com/mojocn/base64Captcha/randomMath.go:31.11,35.21 4 36
github.com/mojocn/base64Captcha/randomMath.go:36.10,39.12 3 32
github.com/mojocn/base64Captcha/randomMath.go:39.12,42.4 2 20
github.com/mojocn/base64Captcha/randomMath.go:42.4,45.4 2 12
github.com/mojocn/base64Captcha/randomMath.go:52.43,54.16 1 32
github.com/mojocn/base64Captcha/randomMath.go:57.2,59.14 2 32
github.com/mojocn/base64Captcha/randomMath.go:62.2,62.24 1 32
github.com/mojocn/base64Captcha/randomMath.go:68.2,68.52 1 16
github.com/mojocn/base64Captcha/randomMath.go:54.16,55.57 1 0
github.com/mojocn/base64Captcha/randomMath.go:59.14,61.3 1 0
github.com/mojocn/base64Captcha/randomMath.go:62.24,63.24 1 16
github.com/mojocn/base64Captcha/randomMath.go:66.3,66.55 1 10
github.com/mojocn/base64Captcha/randomMath.go:63.24,65.4 1 6
github.com/mojocn/base64Captcha/randomMath.go:72.33,84.2 6 217
github.com/mojocn/base64Captcha/randomMath.go:87.34,94.2 4 88
github.com/mojocn/base64Captcha/randomMath.go:97.29,102.25 4 5752
github.com/mojocn/base64Captcha/randomMath.go:107.2,107.16 1 5752
github.com/mojocn/base64Captcha/randomMath.go:110.2,110.82 1 5752
github.com/mojocn/base64Captcha/randomMath.go:102.25,104.3 1 524
github.com/mojocn/base64Captcha/randomMath.go:104.3,106.3 1 5228
github.com/mojocn/base64Captcha/randomMath.go:107.16,109.3 1 903
github.com/mojocn/base64Captcha/siprng.go:26.39,200.2 123 327573
github.com/mojocn/base64Captcha/siprng.go:203.35,207.2 3 32
github.com/mojocn/base64Captcha/siprng.go:210.34,214.2 3 327572
github.com/mojocn/base64Captcha/siprng.go:216.38,226.33 3 15
github.com/mojocn/base64Captcha/siprng.go:229.2,229.14 1 15
github.com/mojocn/base64Captcha/siprng.go:226.33,228.3 1 208833
github.com/mojocn/base64Captcha/siprng.go:232.32,234.2 1 4461
github.com/mojocn/base64Captcha/siprng.go:236.34,238.2 1 14278
github.com/mojocn/base64Captcha/siprng.go:240.32,242.2 1 14278
github.com/mojocn/base64Captcha/siprng.go:244.34,245.12 1 14278
github.com/mojocn/base64Captcha/siprng.go:248.2,248.18 1 14278
github.com/mojocn/base64Captcha/siprng.go:251.2,251.32 1 0
github.com/mojocn/base64Captcha/siprng.go:245.12,246.36 1 0
github.com/mojocn/base64Captcha/siprng.go:248.18,250.3 1 14278
github.com/mojocn/base64Captcha/siprng.go:254.40,255.12 1 0
github.com/mojocn/base64Captcha/siprng.go:258.2,260.14 3 0
github.com/mojocn/base64Captcha/siprng.go:263.2,263.14 1 0
github.com/mojocn/base64Captcha/siprng.go:255.12,256.38 1 0
github.com/mojocn/base64Captcha/siprng.go:260.14,262.3 1 0
github.com/mojocn/base64Captcha/siprng.go:266.40,267.12 1 14278
github.com/mojocn/base64Captcha/siprng.go:270.2,272.14 3 14278
github.com/mojocn/base64Captcha/siprng.go:275.2,275.14 1 14278
github.com/mojocn/base64Captcha/siprng.go:267.12,268.38 1 0
github.com/mojocn/base64Captcha/siprng.go:272.14,274.3 1 0
github.com/mojocn/base64Captcha/siprng.go:278.36,278.77 1 4461
github.com/mojocn/base64Captcha/siprng.go:281.40,283.2 1 9740
github.com/mojocn/base64Captcha/siprng.go:286.50,288.2 1 4461
github.com/mojocn/base64Captcha/store.go:63.69,70.2 6 4
github.com/mojocn/base64Captcha/store.go:72.52,78.32 6 34
github.com/mojocn/base64Captcha/store.go:78.32,80.3 1 0
github.com/mojocn/base64Captcha/store.go:83.65,84.12 1 33
github.com/mojocn/base64Captcha/store.go:92.2,93.9 2 33
github.com/mojocn/base64Captcha/store.go:96.2,96.11 1 21
github.com/mojocn/base64Captcha/store.go:99.2,99.8 1 21
github.com/mojocn/base64Captcha/store.go:84.12,88.3 2 31
github.com/mojocn/base64Captcha/store.go:88.3,91.3 2 2
github.com/mojocn/base64Captcha/store.go:93.9,95.3 1 12
github.com/mojocn/base64Captcha/store.go:96.11,98.3 1 2
github.com/mojocn/base64Captcha/store.go:102.33,107.41 5 1
github.com/mojocn/base64Captcha/store.go:107.41,109.10 2 10
github.com/mojocn/base64Captcha/store.go:112.3,112.49 1 10
github.com/mojocn/base64Captcha/store.go:109.10,111.4 1 0
github.com/mojocn/base64Captcha/store.go:112.49,117.4 4 10
github.com/mojocn/base64Captcha/store.go:117.4,119.4 1 0
github.com/mojocn/base64Captcha/engineImageChar.go:65.103,74.2 8 32
github.com/mojocn/base64Captcha/engineImageChar.go:78.69,91.29 7 8
github.com/mojocn/base64Captcha/engineImageChar.go:95.2,97.22 2 8
github.com/mojocn/base64Captcha/engineImageChar.go:111.2,111.16 1 8
github.com/mojocn/base64Captcha/engineImageChar.go:91.29,93.3 1 5
github.com/mojocn/base64Captcha/engineImageChar.go:97.22,101.19 2 1832
github.com/mojocn/base64Captcha/engineImageChar.go:104.3,106.27 2 1832
github.com/mojocn/base64Captcha/engineImageChar.go:101.19,103.4 1 1142
github.com/mojocn/base64Captcha/engineImageChar.go:106.27,108.4 1 7328
github.com/mojocn/base64Captcha/engineImageChar.go:116.67,129.48 6 8
github.com/mojocn/base64Captcha/engineImageChar.go:134.2,142.32 5 8
github.com/mojocn/base64Captcha/engineImageChar.go:154.2,154.16 1 8
github.com/mojocn/base64Captcha/engineImageChar.go:129.48,131.3 1 0
github.com/mojocn/base64Captcha/engineImageChar.go:131.3,133.3 1 8
github.com/mojocn/base64Captcha/engineImageChar.go:142.32,143.13 1 1736
github.com/mojocn/base64Captcha/engineImageChar.go:143.13,146.14 3 1736
github.com/mojocn/base64Captcha/engineImageChar.go:146.14,150.5 2 20832
github.com/mojocn/base64Captcha/engineImageChar.go:159.74,166.27 4 8
github.com/mojocn/base64Captcha/engineImageChar.go:182.2,182.16 1 8
github.com/mojocn/base64Captcha/engineImageChar.go:166.27,171.15 3 24
github.com/mojocn/base64Captcha/engineImageChar.go:179.3,179.55 1 24
github.com/mojocn/base64Captcha/engineImageChar.go:171.15,174.4 2 16
github.com/mojocn/base64Captcha/engineImageChar.go:174.4,177.4 2 8
github.com/mojocn/base64Captcha/engineImageChar.go:185.96,190.26 4 24
github.com/mojocn/base64Captcha/engineImageChar.go:193.2,193.26 1 24
github.com/mojocn/base64Captcha/engineImageChar.go:196.2,197.6 2 24
github.com/mojocn/base64Captcha/engineImageChar.go:190.26,192.3 1 0
github.com/mojocn/base64Captcha/engineImageChar.go:193.26,195.3 1 16
github.com/mojocn/base64Captcha/engineImageChar.go:197.6,203.51 6 5297
github.com/mojocn/base64Captcha/engineImageChar.go:206.3,207.15 2 5273
github.com/mojocn/base64Captcha/engineImageChar.go:211.3,211.14 1 5273
github.com/mojocn/base64Captcha/engineImageChar.go:203.51,205.4 1 24
github.com/mojocn/base64Captcha/engineImageChar.go:207.15,210.4 2 5273
github.com/mojocn/base64Captcha/engineImageChar.go:211.14,214.4 2 759
github.com/mojocn/base64Captcha/engineImageChar.go:220.75,222.36 2 8
github.com/mojocn/base64Captcha/engineImageChar.go:229.2,231.31 2 8
github.com/mojocn/base64Captcha/engineImageChar.go:242.2,242.16 1 8
github.com/mojocn/base64Captcha/engineImageChar.go:222.36,224.3 1 8
github.com/mojocn/base64Captcha/engineImageChar.go:224.3,224.44 1 0
github.com/mojocn/base64Captcha/engineImageChar.go:224.44,226.3 1 0
github.com/mojocn/base64Captcha/engineImageChar.go:226.3,226.42 1 0
github.com/mojocn/base64Captcha/engineImageChar.go:226.42,228.3 1 0
github.com/mojocn/base64Captcha/engineImageChar.go:231.31,238.18 5 4112
github.com/mojocn/base64Captcha/engineImageChar.go:238.18,240.4 1 1423
github.com/mojocn/base64Captcha/engineImageChar.go:247.86,249.36 2 8
github.com/mojocn/base64Captcha/engineImageChar.go:257.2,269.31 8 8
github.com/mojocn/base64Captcha/engineImageChar.go:293.2,293.12 1 8
github.com/mojocn/base64Captcha/engineImageChar.go:249.36,251.3 1 8
github.com/mojocn/base64Captcha/engineImageChar.go:251.3,251.44 1 0
github.com/mojocn/base64Captcha/engineImageChar.go:251.44,253.3 1 0
github.com/mojocn/base64Captcha/engineImageChar.go:253.3,253.42 1 0
github.com/mojocn/base64Captcha/engineImageChar.go:253.42,255.3 1 0
github.com/mojocn/base64Captcha/engineImageChar.go:269.31,280.19 7 56
github.com/mojocn/base64Captcha/engineImageChar.go:287.3,289.51 2 56
github.com/mojocn/base64Captcha/engineImageChar.go:280.19,282.4 1 56
github.com/mojocn/base64Captcha/engineImageChar.go:282.4,285.4 2 0
github.com/mojocn/base64Captcha/engineImageChar.go:289.51,291.4 1 0
github.com/mojocn/base64Captcha/engineImageChar.go:297.81,307.25 7 32
github.com/mojocn/base64Captcha/engineImageChar.go:333.2,333.12 1 32
github.com/mojocn/base64Captcha/engineImageChar.go:307.25,314.19 4 193
github.com/mojocn/base64Captcha/engineImageChar.go:321.3,327.56 4 193
github.com/mojocn/base64Captcha/engineImageChar.go:314.19,316.4 1 50
github.com/mojocn/base64Captcha/engineImageChar.go:316.4,319.4 2 143
github.com/mojocn/base64Captcha/engineImageChar.go:327.56,329.4 1 0
github.com/mojocn/base64Captcha/engineImageChar.go:338.65,343.27 2 32
github.com/mojocn/base64Captcha/engineImageChar.go:348.2,348.29 1 32
github.com/mojocn/base64Captcha/engineImageChar.go:352.2,352.28 1 32
github.com/mojocn/base64Captcha/engineImageChar.go:357.2,357.28 1 32
github.com/mojocn/base64Captcha/engineImageChar.go:362.2,362.27 1 32
github.com/mojocn/base64Captcha/engineImageChar.go:365.2,367.21 2 32
github.com/mojocn/base64Captcha/engineImageChar.go:382.2,386.16 3 32
github.com/mojocn/base64Captcha/engineImageChar.go:390.2,390.21 1 32
github.com/mojocn/base64Captcha/engineImageChar.go:343.27,345.3 1 8
github.com/mojocn/base64Captcha/engineImageChar.go:348.29,350.3 1 8
github.com/mojocn/base64Captcha/engineImageChar.go:352.28,354.3 1 8
github.com/mojocn/base64Captcha/engineImageChar.go:357.28,359.3 1 8
github.com/mojocn/base64Captcha/engineImageChar.go:362.27,364.3 1 8
github.com/mojocn/base64Captcha/engineImageChar.go:368.27,370.44 2 8
github.com/mojocn/base64Captcha/engineImageChar.go:371.29,372.62 1 8
github.com/mojocn/base64Captcha/engineImageChar.go:374.25,376.44 2 8
github.com/mojocn/base64Captcha/engineImageChar.go:377.10,379.44 2 8
github.com/mojocn/base64Captcha/engineImageChar.go:386.16,388.3 1 0
github.com/mojocn/base64Captcha/engineImageChar.go:395.59,397.56 2 32
github.com/mojocn/base64Captcha/engineImageChar.go:400.2,400.20 1 32
github.com/mojocn/base64Captcha/engineImageChar.go:397.56,398.21 1 0
github.com/mojocn/base64Captcha/engineImageChar.go:404.70,407.2 2 32
github.com/mojocn/base64Captcha/fontBinData.go:26.60,28.16 2 18
github.com/mojocn/base64Captcha/fontBinData.go:32.2,36.16 4 18
github.com/mojocn/base64Captcha/fontBinData.go:39.2,39.18 1 18
github.com/mojocn/base64Captcha/fontBinData.go:43.2,43.25 1 18
github.com/mojocn/base64Captcha/fontBinData.go:28.16,30.3 1 0
github.com/mojocn/base64Captcha/fontBinData.go:36.16,38.3 1 0
github.com/mojocn/base64Captcha/fontBinData.go:39.18,41.3 1 0
github.com/mojocn/base64Captcha/fontBinData.go:58.41,60.2 1 9
github.com/mojocn/base64Captcha/fontBinData.go:61.40,63.2 1 9
github.com/mojocn/base64Captcha/fontBinData.go:64.46,66.2 1 9
github.com/mojocn/base64Captcha/fontBinData.go:67.47,69.2 1 9
github.com/mojocn/base64Captcha/fontBinData.go:70.40,72.2 1 9
github.com/mojocn/base64Captcha/fontBinData.go:73.45,75.2 1 9
github.com/mojocn/base64Captcha/fontBinData.go:79.43,84.2 1 2
github.com/mojocn/base64Captcha/fontBinData.go:86.38,88.16 2 2
github.com/mojocn/base64Captcha/fontBinData.go:92.2,94.15 3 2
github.com/mojocn/base64Captcha/fontBinData.go:88.16,90.3 1 0
github.com/mojocn/base64Captcha/fontBinData.go:99.52,104.2 1 2
github.com/mojocn/base64Captcha/fontBinData.go:106.47,108.16 2 2
github.com/mojocn/base64Captcha/fontBinData.go:112.2,114.15 3 2
github.com/mojocn/base64Captcha/fontBinData.go:108.16,110.3 1 0
github.com/mojocn/base64Captcha/fontBinData.go:119.46,124.2 1 2
github.com/mojocn/base64Captcha/fontBinData.go:126.41,128.16 2 2
github.com/mojocn/base64Captcha/fontBinData.go:132.2,134.15 3 2
github.com/mojocn/base64Captcha/fontBinData.go:128.16,130.3 1 0
github.com/mojocn/base64Captcha/fontBinData.go:139.51,144.2 1 2
github.com/mojocn/base64Captcha/fontBinData.go:146.46,148.16 2 2
github.com/mojocn/base64Captcha/fontBinData.go:152.2,154.15 3 2
github.com/mojocn/base64Captcha/fontBinData.go:148.16,150.3 1 0
github.com/mojocn/base64Captcha/fontBinData.go:159.55,164.2 1 2
github.com/mojocn/base64Captcha/fontBinData.go:166.50,168.16 2 2
github.com/mojocn/base64Captcha/fontBinData.go:172.2,174.15 3 2
github.com/mojocn/base64Captcha/fontBinData.go:168.16,170.3 1 0
github.com/mojocn/base64Captcha/fontBinData.go:179.46,184.2 1 2
github.com/mojocn/base64Captcha/fontBinData.go:186.41,188.16 2 2
github.com/mojocn/base64Captcha/fontBinData.go:192.2,194.15 3 2
github.com/mojocn/base64Captcha/fontBinData.go:188.16,190.3 1 0
github.com/mojocn/base64Captcha/fontBinData.go:199.47,204.2 1 2
github.com/mojocn/base64Captcha/fontBinData.go:206.42,208.16 2 2
github.com/mojocn/base64Captcha/fontBinData.go:212.2,214.15 3 2
github.com/mojocn/base64Captcha/fontBinData.go:208.16,210.3 1 0
github.com/mojocn/base64Captcha/fontBinData.go:219.45,224.2 1 2
github.com/mojocn/base64Captcha/fontBinData.go:226.40,228.16 2 2
github.com/mojocn/base64Captcha/fontBinData.go:232.2,234.15 3 2
github.com/mojocn/base64Captcha/fontBinData.go:228.16,230.3 1 0
github.com/mojocn/base64Captcha/fontBinData.go:239.46,244.2 1 2
github.com/mojocn/base64Captcha/fontBinData.go:246.41,248.16 2 2
github.com/mojocn/base64Captcha/fontBinData.go:252.2,254.15 3 2
github.com/mojocn/base64Captcha/fontBinData.go:248.16,250.3 1 0
github.com/mojocn/base64Captcha/fontBinData.go:260.41,262.43 2 9
github.com/mojocn/base64Captcha/fontBinData.go:269.2,269.52 1 0
github.com/mojocn/base64Captcha/fontBinData.go:262.43,264.17 2 9
github.com/mojocn/base64Captcha/fontBinData.go:267.3,267.22 1 9
github.com/mojocn/base64Captcha/fontBinData.go:264.17,266.4 1 0
