mode: atomic
github.com/mojocn/base64Captcha/engineImageChar.go:65.103,74.2 8 32
github.com/mojocn/base64Captcha/engineImageChar.go:78.69,91.29 7 0
github.com/mojocn/base64Captcha/engineImageChar.go:95.2,97.22 2 0
github.com/mojocn/base64Captcha/engineImageChar.go:111.2,111.16 1 0
github.com/mojocn/base64Captcha/engineImageChar.go:91.29,93.3 1 0
github.com/mojocn/base64Captcha/engineImageChar.go:97.22,101.19 2 0
github.com/mojocn/base64Captcha/engineImageChar.go:104.3,106.27 2 0
github.com/mojocn/base64Captcha/engineImageChar.go:101.19,103.4 1 0
github.com/mojocn/base64Captcha/engineImageChar.go:106.27,108.4 1 0
github.com/mojocn/base64Captcha/engineImageChar.go:116.67,129.48 6 0
github.com/mojocn/base64Captcha/engineImageChar.go:134.2,142.32 5 0
github.com/mojocn/base64Captcha/engineImageChar.go:154.2,154.16 1 0
github.com/mojocn/base64Captcha/engineImageChar.go:129.48,131.3 1 0
github.com/mojocn/base64Captcha/engineImageChar.go:131.3,133.3 1 0
github.com/mojocn/base64Captcha/engineImageChar.go:142.32,143.13 1 0
github.com/mojocn/base64Captcha/engineImageChar.go:143.13,146.14 3 0
github.com/mojocn/base64Captcha/engineImageChar.go:146.14,150.5 2 0
github.com/mojocn/base64Captcha/engineImageChar.go:159.74,166.27 4 0
github.com/mojocn/base64Captcha/engineImageChar.go:182.2,182.16 1 0
github.com/mojocn/base64Captcha/engineImageChar.go:166.27,171.15 3 0
github.com/mojocn/base64Captcha/engineImageChar.go:179.3,179.55 1 0
github.com/mojocn/base64Captcha/engineImageChar.go:171.15,174.4 2 0
github.com/mojocn/base64Captcha/engineImageChar.go:174.4,177.4 2 0
github.com/mojocn/base64Captcha/engineImageChar.go:185.96,190.26 4 0
github.com/mojocn/base64Captcha/engineImageChar.go:193.2,193.26 1 0
github.com/mojocn/base64Captcha/engineImageChar.go:196.2,197.6 2 0
github.com/mojocn/base64Captcha/engineImageChar.go:190.26,192.3 1 0
github.com/mojocn/base64Captcha/engineImageChar.go:193.26,195.3 1 0
github.com/mojocn/base64Captcha/engineImageChar.go:197.6,203.51 6 0
github.com/mojocn/base64Captcha/engineImageChar.go:206.3,207.15 2 0
github.com/mojocn/base64Captcha/engineImageChar.go:211.3,211.14 1 0
github.com/mojocn/base64Captcha/engineImageChar.go:203.51,205.4 1 0
github.com/mojocn/base64Captcha/engineImageChar.go:207.15,210.4 2 0
github.com/mojocn/base64Captcha/engineImageChar.go:211.14,214.4 2 0
github.com/mojocn/base64Captcha/engineImageChar.go:220.75,222.36 2 0
github.com/mojocn/base64Captcha/engineImageChar.go:229.2,231.31 2 0
github.com/mojocn/base64Captcha/engineImageChar.go:242.2,242.16 1 0
github.com/mojocn/base64Captcha/engineImageChar.go:222.36,224.3 1 0
github.com/mojocn/base64Captcha/engineImageChar.go:224.3,224.44 1 0
github.com/mojocn/base64Captcha/engineImageChar.go:224.44,226.3 1 0
github.com/mojocn/base64Captcha/engineImageChar.go:226.3,226.42 1 0
github.com/mojocn/base64Captcha/engineImageChar.go:226.42,228.3 1 0
github.com/mojocn/base64Captcha/engineImageChar.go:231.31,238.18 5 0
github.com/mojocn/base64Captcha/engineImageChar.go:238.18,240.4 1 0
github.com/mojocn/base64Captcha/engineImageChar.go:247.86,249.36 2 0
github.com/mojocn/base64Captcha/engineImageChar.go:257.2,269.31 8 0
github.com/mojocn/base64Captcha/engineImageChar.go:293.2,293.12 1 0
github.com/mojocn/base64Captcha/engineImageChar.go:249.36,251.3 1 0
github.com/mojocn/base64Captcha/engineImageChar.go:251.3,251.44 1 0
github.com/mojocn/base64Captcha/engineImageChar.go:251.44,253.3 1 0
github.com/mojocn/base64Captcha/engineImageChar.go:253.3,253.42 1 0
github.com/mojocn/base64Captcha/engineImageChar.go:253.42,255.3 1 0
github.com/mojocn/base64Captcha/engineImageChar.go:269.31,280.19 7 0
github.com/mojocn/base64Captcha/engineImageChar.go:287.3,289.51 2 0
github.com/mojocn/base64Captcha/engineImageChar.go:280.19,282.4 1 0
github.com/mojocn/base64Captcha/engineImageChar.go:282.4,285.4 2 0
github.com/mojocn/base64Captcha/engineImageChar.go:289.51,291.4 1 0
github.com/mojocn/base64Captcha/engineImageChar.go:297.81,307.25 7 32
github.com/mojocn/base64Captcha/engineImageChar.go:333.2,333.12 1 32
github.com/mojocn/base64Captcha/engineImageChar.go:307.25,314.19 4 192
github.com/mojocn/base64Captcha/engineImageChar.go:321.3,327.56 4 192
github.com/mojocn/base64Captcha/engineImageChar.go:314.19,316.4 1 0
github.com/mojocn/base64Captcha/engineImageChar.go:316.4,319.4 2 192
github.com/mojocn/base64Captcha/engineImageChar.go:327.56,329.4 1 0
github.com/mojocn/base64Captcha/engineImageChar.go:338.65,343.27 2 32
github.com/mojocn/base64Captcha/engineImageChar.go:348.2,348.29 1 32
github.com/mojocn/base64Captcha/engineImageChar.go:352.2,352.28 1 32
github.com/mojocn/base64Captcha/engineImageChar.go:357.2,357.28 1 32
github.com/mojocn/base64Captcha/engineImageChar.go:362.2,362.27 1 32
github.com/mojocn/base64Captcha/engineImageChar.go:365.2,367.21 2 32
github.com/mojocn/base64Captcha/engineImageChar.go:382.2,386.16 3 32
github.com/mojocn/base64Captcha/engineImageChar.go:390.2,390.21 1 32
github.com/mojocn/base64Captcha/engineImageChar.go:343.27,345.3 1 0
github.com/mojocn/base64Captcha/engineImageChar.go:348.29,350.3 1 0
github.com/mojocn/base64Captcha/engineImageChar.go:352.28,354.3 1 0
github.com/mojocn/base64Captcha/engineImageChar.go:357.28,359.3 1 0
github.com/mojocn/base64Captcha/engineImageChar.go:362.27,364.3 1 0
github.com/mojocn/base64Captcha/engineImageChar.go:368.27,370.44 2 8
github.com/mojocn/base64Captcha/engineImageChar.go:371.29,372.62 1 8
github.com/mojocn/base64Captcha/engineImageChar.go:374.25,376.44 2 8
github.com/mojocn/base64Captcha/engineImageChar.go:377.10,379.44 2 8
github.com/mojocn/base64Captcha/engineImageChar.go:386.16,388.3 1 0
github.com/mojocn/base64Captcha/engineImageChar.go:395.59,397.56 2 32
github.com/mojocn/base64Captcha/engineImageChar.go:400.2,400.20 1 32
github.com/mojocn/base64Captcha/engineImageChar.go:397.56,398.21 1 0
github.com/mojocn/base64Captcha/engineImageChar.go:404.70,407.2 2 32
github.com/mojocn/base64Captcha/fontBinData.go:28.60,30.16 2 9
github.com/mojocn/base64Captcha/fontBinData.go:34.2,38.16 4 9
github.com/mojocn/base64Captcha/fontBinData.go:41.2,41.18 1 9
github.com/mojocn/base64Captcha/fontBinData.go:45.2,45.25 1 9
github.com/mojocn/base64Captcha/fontBinData.go:30.16,32.3 1 0
github.com/mojocn/base64Captcha/fontBinData.go:38.16,40.3 1 0
github.com/mojocn/base64Captcha/fontBinData.go:41.18,43.3 1 0
github.com/mojocn/base64Captcha/fontBinData.go:60.41,62.2 1 0
github.com/mojocn/base64Captcha/fontBinData.go:63.40,65.2 1 0
github.com/mojocn/base64Captcha/fontBinData.go:66.46,68.2 1 0
github.com/mojocn/base64Captcha/fontBinData.go:69.47,71.2 1 0
github.com/mojocn/base64Captcha/fontBinData.go:72.40,74.2 1 0
github.com/mojocn/base64Captcha/fontBinData.go:75.45,77.2 1 0
github.com/mojocn/base64Captcha/fontBinData.go:81.43,86.2 1 1
github.com/mojocn/base64Captcha/fontBinData.go:88.38,90.16 2 1
github.com/mojocn/base64Captcha/fontBinData.go:94.2,96.15 3 1
github.com/mojocn/base64Captcha/fontBinData.go:90.16,92.3 1 0
github.com/mojocn/base64Captcha/fontBinData.go:101.52,106.2 1 1
github.com/mojocn/base64Captcha/fontBinData.go:108.47,110.16 2 1
github.com/mojocn/base64Captcha/fontBinData.go:114.2,116.15 3 1
github.com/mojocn/base64Captcha/fontBinData.go:110.16,112.3 1 0
github.com/mojocn/base64Captcha/fontBinData.go:121.46,126.2 1 1
github.com/mojocn/base64Captcha/fontBinData.go:128.41,130.16 2 1
github.com/mojocn/base64Captcha/fontBinData.go:134.2,136.15 3 1
github.com/mojocn/base64Captcha/fontBinData.go:130.16,132.3 1 0
github.com/mojocn/base64Captcha/fontBinData.go:141.51,146.2 1 1
github.com/mojocn/base64Captcha/fontBinData.go:148.46,150.16 2 1
github.com/mojocn/base64Captcha/fontBinData.go:154.2,156.15 3 1
github.com/mojocn/base64Captcha/fontBinData.go:150.16,152.3 1 0
github.com/mojocn/base64Captcha/fontBinData.go:161.55,166.2 1 1
github.com/mojocn/base64Captcha/fontBinData.go:168.50,170.16 2 1
github.com/mojocn/base64Captcha/fontBinData.go:174.2,176.15 3 1
github.com/mojocn/base64Captcha/fontBinData.go:170.16,172.3 1 0
github.com/mojocn/base64Captcha/fontBinData.go:181.46,186.2 1 1
github.com/mojocn/base64Captcha/fontBinData.go:188.41,190.16 2 1
github.com/mojocn/base64Captcha/fontBinData.go:194.2,196.15 3 1
github.com/mojocn/base64Captcha/fontBinData.go:190.16,192.3 1 0
github.com/mojocn/base64Captcha/fontBinData.go:201.47,206.2 1 1
github.com/mojocn/base64Captcha/fontBinData.go:208.42,210.16 2 1
github.com/mojocn/base64Captcha/fontBinData.go:214.2,216.15 3 1
github.com/mojocn/base64Captcha/fontBinData.go:210.16,212.3 1 0
github.com/mojocn/base64Captcha/fontBinData.go:221.45,226.2 1 1
github.com/mojocn/base64Captcha/fontBinData.go:228.40,230.16 2 1
github.com/mojocn/base64Captcha/fontBinData.go:234.2,236.15 3 1
github.com/mojocn/base64Captcha/fontBinData.go:230.16,232.3 1 0
github.com/mojocn/base64Captcha/fontBinData.go:241.46,246.2 1 1
github.com/mojocn/base64Captcha/fontBinData.go:248.41,250.16 2 1
github.com/mojocn/base64Captcha/fontBinData.go:254.2,256.15 3 1
github.com/mojocn/base64Captcha/fontBinData.go:250.16,252.3 1 0
github.com/mojocn/base64Captcha/fontBinData.go:262.41,264.43 2 9
github.com/mojocn/base64Captcha/fontBinData.go:271.2,271.52 1 0
github.com/mojocn/base64Captcha/fontBinData.go:264.43,266.17 2 9
github.com/mojocn/base64Captcha/fontBinData.go:269.3,269.22 1 9
github.com/mojocn/base64Captcha/fontBinData.go:266.17,268.4 1 0
github.com/mojocn/base64Captcha/fontBinData.go:276.36,278.16 2 0
github.com/mojocn/base64Captcha/fontBinData.go:282.2,282.10 1 0
github.com/mojocn/base64Captcha/fontBinData.go:278.16,279.54 1 0
github.com/mojocn/base64Captcha/fontBinData.go:288.50,290.43 2 0
github.com/mojocn/base64Captcha/fontBinData.go:297.2,297.56 1 0
github.com/mojocn/base64Captcha/fontBinData.go:290.43,292.17 2 0
github.com/mojocn/base64Captcha/fontBinData.go:295.3,295.21 1 0
github.com/mojocn/base64Captcha/fontBinData.go:292.17,294.4 1 0
github.com/mojocn/base64Captcha/fontBinData.go:301.28,303.29 2 0
github.com/mojocn/base64Captcha/fontBinData.go:306.2,306.14 1 0
github.com/mojocn/base64Captcha/fontBinData.go:303.29,305.3 1 0
github.com/mojocn/base64Captcha/fontBinData.go:335.46,337.20 2 0
github.com/mojocn/base64Captcha/fontBinData.go:347.2,347.22 1 0
github.com/mojocn/base64Captcha/fontBinData.go:350.2,351.39 2 0
github.com/mojocn/base64Captcha/fontBinData.go:354.2,354.16 1 0
github.com/mojocn/base64Captcha/fontBinData.go:337.20,340.30 3 0
github.com/mojocn/base64Captcha/fontBinData.go:340.30,342.19 2 0
github.com/mojocn/base64Captcha/fontBinData.go:342.19,344.5 1 0
github.com/mojocn/base64Captcha/fontBinData.go:347.22,349.3 1 0
github.com/mojocn/base64Captcha/fontBinData.go:351.39,353.3 1 0
github.com/mojocn/base64Captcha/fontBinData.go:377.43,379.16 2 0
github.com/mojocn/base64Captcha/fontBinData.go:382.2,383.16 2 0
github.com/mojocn/base64Captcha/fontBinData.go:386.2,387.16 2 0
github.com/mojocn/base64Captcha/fontBinData.go:390.2,391.16 2 0
github.com/mojocn/base64Captcha/fontBinData.go:394.2,395.16 2 0
github.com/mojocn/base64Captcha/fontBinData.go:398.2,398.12 1 0
github.com/mojocn/base64Captcha/fontBinData.go:379.16,381.3 1 0
github.com/mojocn/base64Captcha/fontBinData.go:383.16,385.3 1 0
github.com/mojocn/base64Captcha/fontBinData.go:387.16,389.3 1 0
github.com/mojocn/base64Captcha/fontBinData.go:391.16,393.3 1 0
github.com/mojocn/base64Captcha/fontBinData.go:395.16,397.3 1 0
github.com/mojocn/base64Captcha/fontBinData.go:402.44,405.16 2 0
github.com/mojocn/base64Captcha/fontBinData.go:409.2,409.33 1 0
github.com/mojocn/base64Captcha/fontBinData.go:415.2,415.12 1 0
github.com/mojocn/base64Captcha/fontBinData.go:405.16,407.3 1 0
github.com/mojocn/base64Captcha/fontBinData.go:409.33,411.17 2 0
github.com/mojocn/base64Captcha/fontBinData.go:411.17,413.4 1 0
github.com/mojocn/base64Captcha/fontBinData.go:418.41,421.2 2 0
github.com/mojocn/base64Captcha/fonts.go:14.57,18.43 3 1
github.com/mojocn/base64Captcha/fonts.go:30.2,30.14 1 1
github.com/mojocn/base64Captcha/fonts.go:18.43,19.53 1 9
github.com/mojocn/base64Captcha/fonts.go:19.53,21.70 1 9
github.com/mojocn/base64Captcha/fonts.go:21.70,23.5 1 9
github.com/mojocn/base64Captcha/fonts.go:23.5,25.5 1 0
github.com/mojocn/base64Captcha/fonts.go:26.4,28.4 1 0
github.com/mojocn/base64Captcha/fonts.go:34.38,36.20 2 192
github.com/mojocn/base64Captcha/fonts.go:39.2,40.35 2 192
github.com/mojocn/base64Captcha/fonts.go:36.20,38.3 1 0
github.com/mojocn/base64Captcha/siprng.go:26.39,200.2 123 299597
github.com/mojocn/base64Captcha/siprng.go:203.35,207.2 3 29
github.com/mojocn/base64Captcha/siprng.go:210.34,214.2 3 299596
github.com/mojocn/base64Captcha/siprng.go:216.38,226.33 3 14
github.com/mojocn/base64Captcha/siprng.go:229.2,229.14 1 14
github.com/mojocn/base64Captcha/siprng.go:226.33,228.3 1 183106
github.com/mojocn/base64Captcha/siprng.go:232.32,234.2 1 3915
github.com/mojocn/base64Captcha/siprng.go:236.34,238.2 1 12575
github.com/mojocn/base64Captcha/siprng.go:240.32,242.2 1 12575
github.com/mojocn/base64Captcha/siprng.go:244.34,245.12 1 12575
github.com/mojocn/base64Captcha/siprng.go:248.2,248.18 1 12575
github.com/mojocn/base64Captcha/siprng.go:251.2,251.32 1 0
github.com/mojocn/base64Captcha/siprng.go:245.12,246.36 1 0
github.com/mojocn/base64Captcha/siprng.go:248.18,250.3 1 12575
github.com/mojocn/base64Captcha/siprng.go:254.40,255.12 1 0
github.com/mojocn/base64Captcha/siprng.go:258.2,260.14 3 0
github.com/mojocn/base64Captcha/siprng.go:263.2,263.14 1 0
github.com/mojocn/base64Captcha/siprng.go:255.12,256.38 1 0
github.com/mojocn/base64Captcha/siprng.go:260.14,262.3 1 0
github.com/mojocn/base64Captcha/siprng.go:266.40,267.12 1 12575
github.com/mojocn/base64Captcha/siprng.go:270.2,272.14 3 12575
github.com/mojocn/base64Captcha/siprng.go:275.2,275.14 1 12575
github.com/mojocn/base64Captcha/siprng.go:267.12,268.38 1 0
github.com/mojocn/base64Captcha/siprng.go:272.14,274.3 1 0
github.com/mojocn/base64Captcha/siprng.go:278.36,278.77 1 3915
github.com/mojocn/base64Captcha/siprng.go:281.40,283.2 1 8597
github.com/mojocn/base64Captcha/siprng.go:286.50,288.2 1 3915
github.com/mojocn/base64Captcha/store.go:63.69,70.2 6 4
github.com/mojocn/base64Captcha/store.go:72.52,78.32 6 30
github.com/mojocn/base64Captcha/store.go:78.32,80.3 1 0
github.com/mojocn/base64Captcha/store.go:83.65,84.12 1 13
github.com/mojocn/base64Captcha/store.go:92.2,93.9 2 13
github.com/mojocn/base64Captcha/store.go:96.2,96.11 1 2
github.com/mojocn/base64Captcha/store.go:99.2,99.8 1 2
github.com/mojocn/base64Captcha/store.go:84.12,88.3 2 12
github.com/mojocn/base64Captcha/store.go:88.3,91.3 2 1
github.com/mojocn/base64Captcha/store.go:93.9,95.3 1 11
github.com/mojocn/base64Captcha/store.go:96.11,98.3 1 1
github.com/mojocn/base64Captcha/store.go:102.33,107.41 5 1
github.com/mojocn/base64Captcha/store.go:107.41,109.10 2 10
github.com/mojocn/base64Captcha/store.go:112.3,112.49 1 10
github.com/mojocn/base64Captcha/store.go:109.10,111.4 1 0
github.com/mojocn/base64Captcha/store.go:112.49,117.4 4 10
github.com/mojocn/base64Captcha/store.go:117.4,119.4 1 0
github.com/mojocn/base64Captcha/captcha.go:53.64,58.8 4 0
github.com/mojocn/base64Captcha/captcha.go:62.2,62.98 1 0
github.com/mojocn/base64Captcha/captcha.go:58.8,60.3 1 0
github.com/mojocn/base64Captcha/captcha.go:67.90,70.16 3 58
github.com/mojocn/base64Captcha/captcha.go:74.2,76.12 3 58
github.com/mojocn/base64Captcha/captcha.go:70.16,73.3 2 0
github.com/mojocn/base64Captcha/captcha.go:93.57,94.23 1 0
github.com/mojocn/base64Captcha/captcha.go:97.2,98.22 2 0
github.com/mojocn/base64Captcha/captcha.go:101.2,102.12 2 0
github.com/mojocn/base64Captcha/captcha.go:105.2,105.15 1 0
github.com/mojocn/base64Captcha/captcha.go:94.23,96.3 1 0
github.com/mojocn/base64Captcha/captcha.go:98.22,100.3 1 0
github.com/mojocn/base64Captcha/captcha.go:102.12,104.3 1 0
github.com/mojocn/base64Captcha/captcha.go:158.109,159.17 1 18
github.com/mojocn/base64Captcha/captcha.go:162.2,164.40 3 18
github.com/mojocn/base64Captcha/captcha.go:184.2,186.31 2 18
github.com/mojocn/base64Captcha/captcha.go:159.17,161.3 1 18
github.com/mojocn/base64Captcha/captcha.go:165.19,168.26 3 1
github.com/mojocn/base64Captcha/captcha.go:170.23,173.25 3 16
github.com/mojocn/base64Captcha/captcha.go:175.19,178.24 3 1
github.com/mojocn/base64Captcha/captcha.go:180.10,181.51 1 0
github.com/mojocn/base64Captcha/engineAudio.go:27.13,29.2 1 1
github.com/mojocn/base64Captcha/engineAudio.go:40.62,45.2 4 11
github.com/mojocn/base64Captcha/engineAudio.go:52.61,58.41 3 11
github.com/mojocn/base64Captcha/engineAudio.go:63.2,64.27 2 11
github.com/mojocn/base64Captcha/engineAudio.go:69.2,71.27 3 11
github.com/mojocn/base64Captcha/engineAudio.go:77.2,90.27 11 11
github.com/mojocn/base64Captcha/engineAudio.go:94.2,97.10 3 11
github.com/mojocn/base64Captcha/engineAudio.go:58.41,60.3 1 11
github.com/mojocn/base64Captcha/engineAudio.go:60.3,62.3 1 0
github.com/mojocn/base64Captcha/engineAudio.go:64.27,67.3 2 66
github.com/mojocn/base64Captcha/engineAudio.go:71.27,75.3 3 77
github.com/mojocn/base64Captcha/engineAudio.go:90.27,93.3 2 66
github.com/mojocn/base64Captcha/engineAudio.go:101.34,103.2 1 0
github.com/mojocn/base64Captcha/engineAudio.go:105.56,107.46 2 11
github.com/mojocn/base64Captcha/engineAudio.go:114.2,114.10 1 11
github.com/mojocn/base64Captcha/engineAudio.go:107.46,113.3 5 1824
github.com/mojocn/base64Captcha/engineAudio.go:117.53,121.2 3 66
github.com/mojocn/base64Captcha/engineAudio.go:123.42,125.34 2 11
github.com/mojocn/base64Captcha/engineAudio.go:130.2,130.10 1 11
github.com/mojocn/base64Captcha/engineAudio.go:125.34,126.17 1 110
github.com/mojocn/base64Captcha/engineAudio.go:126.17,128.4 1 33
github.com/mojocn/base64Captcha/engineAudio.go:133.46,136.2 2 66
github.com/mojocn/base64Captcha/engineAudio.go:138.64,141.26 3 11
github.com/mojocn/base64Captcha/engineAudio.go:146.2,146.14 1 11
github.com/mojocn/base64Captcha/engineAudio.go:141.26,145.3 3 1464711
github.com/mojocn/base64Captcha/engineAudio.go:151.32,152.24 1 1890
github.com/mojocn/base64Captcha/engineAudio.go:152.24,155.27 3 6085803
github.com/mojocn/base64Captcha/engineAudio.go:155.27,157.4 1 1804212
github.com/mojocn/base64Captcha/engineAudio.go:157.4,159.4 1 4281591
github.com/mojocn/base64Captcha/engineAudio.go:163.45,164.22 1 1890
github.com/mojocn/base64Captcha/engineAudio.go:164.22,166.10 2 6085803
github.com/mojocn/base64Captcha/engineAudio.go:178.3,178.18 1 5536600
github.com/mojocn/base64Captcha/engineAudio.go:167.17,168.43 1 2165072
github.com/mojocn/base64Captcha/engineAudio.go:171.17,172.43 1 3371528
github.com/mojocn/base64Captcha/engineAudio.go:175.11,176.12 1 549203
github.com/mojocn/base64Captcha/engineAudio.go:168.43,170.5 1 0
github.com/mojocn/base64Captcha/engineAudio.go:172.43,174.5 1 0
github.com/mojocn/base64Captcha/engineAudio.go:184.50,187.22 3 1891
github.com/mojocn/base64Captcha/engineAudio.go:193.2,193.10 1 1891
github.com/mojocn/base64Captcha/engineAudio.go:187.22,188.42 1 5555151
github.com/mojocn/base64Captcha/engineAudio.go:191.3,191.13 1 5555151
github.com/mojocn/base64Captcha/engineAudio.go:188.42,190.4 1 6087057
github.com/mojocn/base64Captcha/engineAudio.go:196.37,198.19 2 11
github.com/mojocn/base64Captcha/engineAudio.go:201.2,201.10 1 11
github.com/mojocn/base64Captcha/engineAudio.go:198.19,200.3 1 17600
github.com/mojocn/base64Captcha/engineAudio.go:204.37,207.22 3 1824
github.com/mojocn/base64Captcha/engineAudio.go:210.2,210.10 1 1824
github.com/mojocn/base64Captcha/engineAudio.go:207.22,209.3 1 5353481
github.com/mojocn/base64Captcha/engineAudio.go:215.59,219.20 3 11
github.com/mojocn/base64Captcha/engineAudio.go:222.2,233.16 8 11
github.com/mojocn/base64Captcha/engineAudio.go:237.2,239.16 3 11
github.com/mojocn/base64Captcha/engineAudio.go:244.2,244.30 1 11
github.com/mojocn/base64Captcha/engineAudio.go:248.2,248.8 1 11
github.com/mojocn/base64Captcha/engineAudio.go:219.20,221.3 1 7
github.com/mojocn/base64Captcha/engineAudio.go:233.16,235.3 1 0
github.com/mojocn/base64Captcha/engineAudio.go:239.16,241.3 1 0
github.com/mojocn/base64Captcha/engineAudio.go:244.30,247.3 2 7
github.com/mojocn/base64Captcha/engineAudio.go:253.42,255.43 2 0
github.com/mojocn/base64Captcha/engineAudio.go:258.2,258.20 1 0
github.com/mojocn/base64Captcha/engineAudio.go:255.43,256.21 1 0
github.com/mojocn/base64Captcha/engineImageDigit.go:57.79,70.20 8 0
github.com/mojocn/base64Captcha/engineImageDigit.go:75.2,78.27 3 0
github.com/mojocn/base64Captcha/engineImageDigit.go:83.2,88.10 4 0
github.com/mojocn/base64Captcha/engineImageDigit.go:70.20,72.3 1 0
github.com/mojocn/base64Captcha/engineImageDigit.go:72.3,74.3 1 0
github.com/mojocn/base64Captcha/engineImageDigit.go:78.27,81.3 2 0
github.com/mojocn/base64Captcha/engineImageDigit.go:92.75,107.34 10 15
github.com/mojocn/base64Captcha/engineImageDigit.go:112.2,115.27 3 15
github.com/mojocn/base64Captcha/engineImageDigit.go:120.2,125.10 4 15
github.com/mojocn/base64Captcha/engineImageDigit.go:107.34,109.3 1 15
github.com/mojocn/base64Captcha/engineImageDigit.go:109.3,111.3 1 0
github.com/mojocn/base64Captcha/engineImageDigit.go:115.27,118.3 2 75
github.com/mojocn/base64Captcha/engineImageDigit.go:128.62,141.33 5 15
github.com/mojocn/base64Captcha/engineImageDigit.go:144.2,144.10 1 15
github.com/mojocn/base64Captcha/engineImageDigit.go:141.33,143.3 1 285
github.com/mojocn/base64Captcha/engineImageDigit.go:147.71,150.20 2 15
github.com/mojocn/base64Captcha/engineImageDigit.go:156.2,168.12 8 15
github.com/mojocn/base64Captcha/engineImageDigit.go:174.2,175.19 2 15
github.com/mojocn/base64Captcha/engineImageDigit.go:180.2,181.25 2 15
github.com/mojocn/base64Captcha/engineImageDigit.go:150.20,152.3 1 15
github.com/mojocn/base64Captcha/engineImageDigit.go:152.3,154.3 1 0
github.com/mojocn/base64Captcha/engineImageDigit.go:168.12,172.3 2 15
github.com/mojocn/base64Captcha/engineImageDigit.go:175.19,177.3 1 0
github.com/mojocn/base64Captcha/engineImageDigit.go:184.78,185.32 1 47948
github.com/mojocn/base64Captcha/engineImageDigit.go:185.32,187.3 1 102176
github.com/mojocn/base64Captcha/engineImageDigit.go:190.74,201.14 9 13332
github.com/mojocn/base64Captcha/engineImageDigit.go:201.14,202.13 1 8654
github.com/mojocn/base64Captcha/engineImageDigit.go:207.3,213.46 7 8654
github.com/mojocn/base64Captcha/engineImageDigit.go:202.13,206.4 3 8510
github.com/mojocn/base64Captcha/engineImageDigit.go:217.63,220.25 3 15
github.com/mojocn/base64Captcha/engineImageDigit.go:220.25,224.3 3 300
github.com/mojocn/base64Captcha/engineImageDigit.go:227.45,234.28 7 15
github.com/mojocn/base64Captcha/engineImageDigit.go:234.28,237.37 3 3600
github.com/mojocn/base64Captcha/engineImageDigit.go:237.37,240.4 2 7200
github.com/mojocn/base64Captcha/engineImageDigit.go:245.63,250.42 5 75
github.com/mojocn/base64Captcha/engineImageDigit.go:250.42,251.42 1 1350
github.com/mojocn/base64Captcha/engineImageDigit.go:257.3,258.14 2 1350
github.com/mojocn/base64Captcha/engineImageDigit.go:251.42,252.57 1 14850
github.com/mojocn/base64Captcha/engineImageDigit.go:255.4,255.54 1 5832
github.com/mojocn/base64Captcha/engineImageDigit.go:252.57,253.13 1 9018
github.com/mojocn/base64Captcha/engineImageDigit.go:262.70,270.25 6 15
github.com/mojocn/base64Captcha/engineImageDigit.go:277.2,277.19 1 15
github.com/mojocn/base64Captcha/engineImageDigit.go:270.25,271.26 1 3600
github.com/mojocn/base64Captcha/engineImageDigit.go:271.26,275.4 3 288000
github.com/mojocn/base64Captcha/engineImageDigit.go:280.82,283.16 3 285
github.com/mojocn/base64Captcha/engineImageDigit.go:286.2,292.3 2 285
github.com/mojocn/base64Captcha/engineImageDigit.go:283.16,285.3 1 0
github.com/mojocn/base64Captcha/engineImageDigit.go:295.36,297.11 2 285
github.com/mojocn/base64Captcha/engineImageDigit.go:300.2,300.11 1 285
github.com/mojocn/base64Captcha/engineImageDigit.go:303.2,303.8 1 285
github.com/mojocn/base64Captcha/engineImageDigit.go:297.11,299.3 1 152
github.com/mojocn/base64Captcha/engineImageDigit.go:300.11,302.3 1 152
github.com/mojocn/base64Captcha/engineImageDigit.go:306.36,308.11 2 285
github.com/mojocn/base64Captcha/engineImageDigit.go:311.2,311.11 1 285
github.com/mojocn/base64Captcha/engineImageDigit.go:314.2,314.8 1 285
github.com/mojocn/base64Captcha/engineImageDigit.go:308.11,310.3 1 133
github.com/mojocn/base64Captcha/engineImageDigit.go:311.11,313.3 1 38
github.com/mojocn/base64Captcha/engineImageDigit.go:319.54,321.53 2 15
github.com/mojocn/base64Captcha/engineImageDigit.go:324.2,324.20 1 15
github.com/mojocn/base64Captcha/engineImageDigit.go:321.53,322.21 1 0
github.com/mojocn/base64Captcha/engineImageDigit.go:328.65,331.2 2 15
github.com/mojocn/base64Captcha/randomCrypto.go:35.13,36.63 1 1
github.com/mojocn/base64Captcha/randomCrypto.go:36.63,37.64 1 0
github.com/mojocn/base64Captcha/randomCrypto.go:54.72,64.2 9 26
github.com/mojocn/base64Captcha/randomCrypto.go:69.38,71.2 1 56
github.com/mojocn/base64Captcha/randomCrypto.go:74.41,76.55 2 108
github.com/mojocn/base64Captcha/randomCrypto.go:79.2,79.8 1 108
github.com/mojocn/base64Captcha/randomCrypto.go:76.55,77.64 1 0
github.com/mojocn/base64Captcha/randomCrypto.go:84.54,85.17 1 108
github.com/mojocn/base64Captcha/randomCrypto.go:88.2,88.14 1 108
github.com/mojocn/base64Captcha/randomCrypto.go:91.2,94.6 4 108
github.com/mojocn/base64Captcha/randomCrypto.go:85.17,87.3 1 0
github.com/mojocn/base64Captcha/randomCrypto.go:88.14,89.56 1 0
github.com/mojocn/base64Captcha/randomCrypto.go:94.6,96.23 2 108
github.com/mojocn/base64Captcha/randomCrypto.go:96.23,97.17 1 1394
github.com/mojocn/base64Captcha/randomCrypto.go:101.4,103.19 3 1331
github.com/mojocn/base64Captcha/randomCrypto.go:97.17,99.13 1 63
github.com/mojocn/base64Captcha/randomCrypto.go:103.19,105.5 1 108
github.com/mojocn/base64Captcha/randomCrypto.go:112.24,114.22 2 52
github.com/mojocn/base64Captcha/randomCrypto.go:117.2,117.18 1 52
github.com/mojocn/base64Captcha/randomCrypto.go:114.22,116.3 1 1040
github.com/mojocn/base64Captcha/randomCrypto.go:121.47,123.29 2 36
github.com/mojocn/base64Captcha/randomCrypto.go:126.2,126.21 1 36
github.com/mojocn/base64Captcha/randomCrypto.go:123.29,125.3 1 191
github.com/mojocn/base64Captcha/randomMath.go:11.51,14.27 3 27
github.com/mojocn/base64Captcha/randomMath.go:17.2,17.13 1 27
github.com/mojocn/base64Captcha/randomMath.go:14.27,16.3 1 174
github.com/mojocn/base64Captcha/randomMath.go:22.49,25.35 3 108
github.com/mojocn/base64Captcha/randomMath.go:47.2,48.8 2 108
github.com/mojocn/base64Captcha/randomMath.go:26.11,30.21 4 38
github.com/mojocn/base64Captcha/randomMath.go:31.11,35.21 4 39
github.com/mojocn/base64Captcha/randomMath.go:36.10,39.12 3 31
github.com/mojocn/base64Captcha/randomMath.go:39.12,42.4 2 19
github.com/mojocn/base64Captcha/randomMath.go:42.4,45.4 2 12
github.com/mojocn/base64Captcha/randomMath.go:52.43,54.16 1 0
github.com/mojocn/base64Captcha/randomMath.go:57.2,59.14 2 0
github.com/mojocn/base64Captcha/randomMath.go:62.2,62.24 1 0
github.com/mojocn/base64Captcha/randomMath.go:68.2,68.52 1 0
github.com/mojocn/base64Captcha/randomMath.go:54.16,55.57 1 0
github.com/mojocn/base64Captcha/randomMath.go:59.14,61.3 1 0
github.com/mojocn/base64Captcha/randomMath.go:62.24,63.24 1 0
github.com/mojocn/base64Captcha/randomMath.go:66.3,66.55 1 0
github.com/mojocn/base64Captcha/randomMath.go:63.24,65.4 1 0
github.com/mojocn/base64Captcha/randomMath.go:72.33,84.2 6 192
github.com/mojocn/base64Captcha/randomMath.go:87.34,94.2 4 32
github.com/mojocn/base64Captcha/randomMath.go:97.29,102.25 4 192
github.com/mojocn/base64Captcha/randomMath.go:107.2,107.16 1 192
github.com/mojocn/base64Captcha/randomMath.go:110.2,110.82 1 192
github.com/mojocn/base64Captcha/randomMath.go:102.25,104.3 1 20
github.com/mojocn/base64Captcha/randomMath.go:104.3,106.3 1 172
github.com/mojocn/base64Captcha/randomMath.go:107.16,109.3 1 26
